F:\2022\INTERVIEW\JSONPARSER\DEBUG\JSONPARSER.EXE
F:\2022\INTERVIEW\JSONPARSER\DEBUG\JSONPARSER.ILK
F:\2022\INTERVIEW\JSONPARSER\DEBUG\JSONPARSER.PDB
F:\2022\interview\JsonParser\JsonParser\Debug\cl.command.1.tlog
F:\2022\interview\JsonParser\JsonParser\Debug\CL.read.1.tlog
F:\2022\interview\JsonParser\JsonParser\Debug\CL.write.1.tlog
F:\2022\INTERVIEW\JSONPARSER\JSONPARSER\DEBUG\JSONPARSER.EXE.INTERMEDIATE.MANIFEST
F:\2022\INTERVIEW\JSONPARSER\JSONPARSER\DEBUG\JSONPARSER.OBJ
F:\2022\interview\JsonParser\JsonParser\Debug\JsonParser.vcxprojResolveAssemblyReference.cache
F:\2022\interview\JsonParser\JsonParser\Debug\JsonParser.write.1.tlog
F:\2022\interview\JsonParser\JsonParser\Debug\link.command.1.tlog
F:\2022\interview\JsonParser\JsonParser\Debug\link.read.1.tlog
F:\2022\interview\JsonParser\JsonParser\Debug\link.write.1.tlog
F:\2022\INTERVIEW\JSONPARSER\JSONPARSER\DEBUG\MAIN.OBJ
F:\2022\interview\JsonParser\JsonParser\Debug\mt.command.1.tlog
F:\2022\interview\JsonParser\JsonParser\Debug\mt.read.1.tlog
F:\2022\interview\JsonParser\JsonParser\Debug\mt.write.1.tlog
F:\2022\INTERVIEW\JSONPARSER\JSONPARSER\DEBUG\STACK.OBJ
F:\2022\INTERVIEW\JSONPARSER\JSONPARSER\DEBUG\STRINGPARSER.OBJ
F:\2022\interview\JsonParser\JsonParser\Debug\vc100.idb
F:\2022\INTERVIEW\JSONPARSER\JSONPARSER\DEBUG\VC100.PDB
