生成启动时间为 2022/8/19 23:23:35。
     1>项目“F:\2022\interview\JsonParser\JsonParser\JsonParser.vcxproj”在节点 2 上(build 个目标)。
     1>InitializeBuildStatus:
         正在创建“Debug\JsonParser.unsuccessfulbuild”，因为已指定“AlwaysCreate”。
       ClCompile:
         D:\Program Files (x86)\Microsoft Visual Studio 10.0\VC\bin\CL.exe /c /ZI /nologo /W3 /WX- /Od /Oy- /D _MBCS /Gm /EHsc /RTC1 /MDd /GS /fp:precise /Zc:wchar_t /Zc:forScope /Fo"Debug\\" /Fd"Debug\vc100.pdb" /Gd /TP /analyze- /errorReport:prompt main.cpp
         main.cpp
       Link:
         D:\Program Files (x86)\Microsoft Visual Studio 10.0\VC\bin\link.exe /ERRORREPORT:PROMPT /OUT:"F:\2022\interview\JsonParser\Debug\JsonParser.exe" /NOLOGO kernel32.lib user32.lib gdi32.lib winspool.lib comdlg32.lib advapi32.lib shell32.lib ole32.lib oleaut32.lib uuid.lib odbc32.lib odbccp32.lib /MANIFEST /ManifestFile:"Debug\JsonParser.exe.intermediate.manifest" /MANIFESTUAC:"level='asInvoker' uiAccess='false'" /DEBUG /PDB:"F:\2022\interview\JsonParser\Debug\JsonParser.pdb" /TLBID:1 /DYNAMICBASE /NXCOMPAT /IMPLIB:"F:\2022\interview\JsonParser\Debug\JsonParser.lib" /MACHINE:X86 Debug\JsonException.obj
         Debug\JsonParser.obj
         Debug\main.obj
         Debug\stack.obj
         Debug\StringParser.obj
         LINK : 没有找到 F:\2022\interview\JsonParser\Debug\JsonParser.exe 或上一个增量链接没有生成它；正在执行完全链接
         JsonParser.vcxproj -> F:\2022\interview\JsonParser\Debug\JsonParser.exe
       Manifest:
         C:\Program Files (x86)\Microsoft SDKs\Windows\v7.0A\bin\mt.exe /nologo /verbose /outputresource:"F:\2022\interview\JsonParser\Debug\JsonParser.exe;#1" /manifest Debug\JsonParser.exe.intermediate.manifest
       FinalizeBuildStatus:
         正在删除文件“Debug\JsonParser.unsuccessfulbuild”。
         正在对“Debug\JsonParser.lastbuildstate”执行 Touch 任务。
     1>已完成生成项目“F:\2022\interview\JsonParser\JsonParser\JsonParser.vcxproj”(build 个目标)的操作。

生成成功。

已用时间 00:00:00.73
